<?xml version="1.0" encoding="UTF-8"?>
<!-- Generated by org.testng.reporters.JUnitXMLReporter -->
<testsuite ignored="0" hostname="DESKTOP-B8R4OMO" failures="0" tests="3" name="Test edge" time="119.316" errors="0" timestamp="2022-12-07T10:15:12 IST">
  <testcase classname="com.qa.testscripts.GmailAccount" name="testcase_001_openAmazon" time="0.015"/>
  <testcase classname="com.qa.testscripts.GmailAccount" name="testcase_002_clickGmailIcon" time="27.386"/>
  <testcase classname="com.qa.testscripts.GmailAccount" name="testcase_003_createAccount" time="7.254"/>
</testsuite> <!-- Test edge -->
