<?xml version="1.0" encoding="UTF-8"?>
<!-- Generated by org.testng.reporters.JUnitXMLReporter -->
<testsuite ignored="0" hostname="DESKTOP-B8R4OMO" failures="0" tests="3" name="Test Chrome" time="112.536" errors="0" timestamp="2022-12-07T10:11:15 IST">
  <testcase classname="com.qa.testscripts.GmailAccount" name="testcase_001_openAmazon" time="0.046"/>
  <testcase classname="com.qa.testscripts.GmailAccount" name="testcase_002_clickGmailIcon" time="21.84"/>
  <testcase classname="com.qa.testscripts.GmailAccount" name="testcase_003_createAccount" time="7.928"/>
</testsuite> <!-- Test Chrome -->
